<?xml version="1.0" encoding="UTF-8"?>
<testng-results ignored="0" total="1" passed="1" failed="0" skipped="0">
  <reporter-output>
  </reporter-output>
  <suite started-at="2022-10-20T08:14:13 IST" name="Suite" finished-at="2022-10-20T08:14:17 IST" duration-ms="4463">
    <groups>
    </groups>
    <test started-at="2022-10-20T08:14:13 IST" name="Test" finished-at="2022-10-20T08:14:17 IST" duration-ms="4463">
      <class name="tests.HomeTest">
        <test-method is-config="true" signature="init()[pri:0, instance:tests.HomeTest@6cd28fa7]" started-at="2022-10-20T08:14:06 IST" name="init" finished-at="2022-10-20T08:14:13 IST" duration-ms="7259" status="PASS">
          <reporter-output>
          </reporter-output>
        </test-method> <!-- init -->
        <test-method is-config="true" signature="objectCreation()[pri:0, instance:tests.HomeTest@6cd28fa7]" started-at="2022-10-20T08:14:13 IST" name="objectCreation" finished-at="2022-10-20T08:14:13 IST" duration-ms="30" status="PASS">
          <reporter-output>
          </reporter-output>
        </test-method> <!-- objectCreation -->
        <test-method is-config="true" signature="precondition()[pri:0, instance:tests.HomeTest@6cd28fa7]" started-at="2022-10-20T08:14:13 IST" name="precondition" finished-at="2022-10-20T08:14:16 IST" duration-ms="3260" status="PASS">
          <reporter-output>
          </reporter-output>
        </test-method> <!-- precondition -->
        <test-method signature="logout()[pri:0, instance:tests.HomeTest@6cd28fa7]" started-at="2022-10-20T08:14:16 IST" name="logout" finished-at="2022-10-20T08:14:17 IST" duration-ms="1138" status="PASS">
          <reporter-output>
          </reporter-output>
        </test-method> <!-- logout -->
        <test-method is-config="true" signature="tearDown()[pri:0, instance:tests.HomeTest@6cd28fa7]" started-at="2022-10-20T08:14:17 IST" name="tearDown" finished-at="2022-10-20T08:14:18 IST" duration-ms="184" status="PASS">
          <reporter-output>
          </reporter-output>
        </test-method> <!-- tearDown -->
      </class> <!-- tests.HomeTest -->
    </test> <!-- Test -->
  </suite> <!-- Suite -->
</testng-results>
