<?xml version="1.0" encoding="UTF-8"?>
<testng-results ignored="0" total="1" passed="1" failed="0" skipped="0">
  <reporter-output>
  </reporter-output>
  <suite started-at="2022-10-20T08:09:54 IST" name="Suite" finished-at="2022-10-20T08:09:59 IST" duration-ms="4918">
    <groups>
    </groups>
    <test started-at="2022-10-20T08:09:54 IST" name="Test" finished-at="2022-10-20T08:09:59 IST" duration-ms="4918">
      <class name="tests.HomeTest">
        <test-method is-config="true" signature="init()[pri:0, instance:tests.HomeTest@26e356f0]" started-at="2022-10-20T08:09:46 IST" name="init" finished-at="2022-10-20T08:09:54 IST" duration-ms="7788" status="PASS">
          <reporter-output>
          </reporter-output>
        </test-method> <!-- init -->
        <test-method is-config="true" signature="objectCreation()[pri:0, instance:tests.HomeTest@26e356f0]" started-at="2022-10-20T08:09:54 IST" name="objectCreation" finished-at="2022-10-20T08:09:54 IST" duration-ms="21" status="PASS">
          <reporter-output>
          </reporter-output>
        </test-method> <!-- objectCreation -->
        <test-method is-config="true" signature="precondition()[pri:0, instance:tests.HomeTest@26e356f0]" started-at="2022-10-20T08:09:54 IST" name="precondition" finished-at="2022-10-20T08:09:55 IST" duration-ms="613" status="PASS">
          <reporter-output>
          </reporter-output>
        </test-method> <!-- precondition -->
        <test-method signature="logout()[pri:0, instance:tests.HomeTest@26e356f0]" started-at="2022-10-20T08:09:55 IST" name="logout" finished-at="2022-10-20T08:09:59 IST" duration-ms="4249" status="PASS">
          <reporter-output>
          </reporter-output>
        </test-method> <!-- logout -->
        <test-method is-config="true" signature="tearDown()[pri:0, instance:tests.HomeTest@26e356f0]" started-at="2022-10-20T08:09:59 IST" name="tearDown" finished-at="2022-10-20T08:09:59 IST" duration-ms="125" status="PASS">
          <reporter-output>
          </reporter-output>
        </test-method> <!-- tearDown -->
      </class> <!-- tests.HomeTest -->
    </test> <!-- Test -->
  </suite> <!-- Suite -->
</testng-results>
